<?xml version="1.0" encoding="UTF-8"?>
<testsuite xmlns:xsi="http://www.w3.org/2001/XMLSchema-instance" xsi:noNamespaceSchemaLocation="https://maven.apache.org/surefire/maven-surefire-plugin/xsd/surefire-test-report-3.0.xsd" version="3.0" name="com.testrunner.TestRunner" time="101.502" tests="3" errors="0" skipped="0" failures="0">
  <properties>
[...]
</properties>
  <testcase name="runScenario[&quot;1. Search iPhone, Sort Price, and Select First Result&quot;, &quot;Flipkart User Journey Tests&quot;](1)" classname="com.testrunner.TestRunner" time="39.129">
    <system-out><![CDATA[
Scenario: 1. Search iPhone, Sort Price, and Select First Result # src/test/resources/Features/SearchProduct.feature:3
--- Test Started ---
  Given I open the Flipkart Application                         # com.stepdefinitions.SearchSteps.i_open_the_flipkart_application()
  When I search for "iPhone 15"                                 # com.stepdefinitions.SearchSteps.i_search_for(java.lang.String)
  And I sort the results by "Price -- Low to High"              # com.stepdefinitions.SearchSteps.i_sort_results(java.lang.String)
  And I click on the first search result                        # com.stepdefinitions.SearchSteps.i_click_first_result()
Switched to Tab: Apple iPhone 15 (Black, 128 GB)
  Then I switch to the new tab and verify the product details   # com.stepdefinitions.SearchSteps.i_switch_to_new_tab()
]]></system-out>
    <system-err><![CDATA[SLF4J: Failed to load class "org.slf4j.impl.StaticLoggerBinder".
SLF4J: Defaulting to no-operation (NOP) logger implementation
SLF4J: See http://www.slf4j.org/codes.html#StaticLoggerBinder for further details.
Dec 05, 2025 12:30:00 PM org.openqa.selenium.devtools.CdpVersionFinder findNearestMatch
WARNING: Unable to find CDP implementation matching 142
Dec 05, 2025 12:30:00 PM org.openqa.selenium.chromium.ChromiumDriver lambda$new$5
WARNING: Unable to find version of CDP to use for 142.0.7444.176. You may need to include a dependency on a specific version of the CDP using something similar to `org.seleniumhq.selenium:selenium-devtools-v86:4.16.1` where the version ("v86") matches the version of the chromium-based browser you're using and the version number of the artifact is the same as Selenium's.
]]></system-err>
  </testcase>
  <testcase name="runScenario[&quot;2. Add a Mobile to Cart&quot;, &quot;Flipkart User Journey Tests&quot;](2)" classname="com.testrunner.TestRunner" time="30.979">
    <system-out><![CDATA[
Scenario: 2. Add a Mobile to Cart           # src/test/resources/Features/SearchProduct.feature:10
--- Test Started ---
  Given I open the Flipkart Application     # com.stepdefinitions.SearchSteps.i_open_the_flipkart_application()
  When I search for "Mobiles"               # com.stepdefinitions.SearchSteps.i_search_for(java.lang.String)
  And I click on the first search result    # com.stepdefinitions.SearchSteps.i_click_first_result()
  And I switch to the new tab               # com.stepdefinitions.SearchSteps.just_switch_tab()
  And I click on Add to Cart button         # com.stepdefinitions.SearchSteps.click_add_to_cart()
  Then I should see the product in the cart # com.stepdefinitions.SearchSteps.verify_cart_add()
]]></system-out>
    <system-err><![CDATA[Dec 05, 2025 12:30:35 PM org.openqa.selenium.devtools.CdpVersionFinder findNearestMatch
WARNING: Unable to find CDP implementation matching 142
Dec 05, 2025 12:30:35 PM org.openqa.selenium.chromium.ChromiumDriver lambda$new$5
WARNING: Unable to find version of CDP to use for 142.0.7444.176. You may need to include a dependency on a specific version of the CDP using something similar to `org.seleniumhq.selenium:selenium-devtools-v86:4.16.1` where the version ("v86") matches the version of the chromium-based browser you're using and the version number of the artifact is the same as Selenium's.
]]></system-err>
  </testcase>
  <testcase name="runScenario[&quot;3. Verify Login Functionality&quot;, &quot;Flipkart User Journey Tests&quot;](3)" classname="com.testrunner.TestRunner" time="29.993">
    <system-out><![CDATA[
Scenario: 3. Verify Login Functionality                   # src/test/resources/Features/SearchProduct.feature:18
--- Test Started ---
  Given I open the Flipkart Application                   # com.stepdefinitions.SearchSteps.i_open_the_flipkart_application()
  When I click Login and enter mobile number "9999999999" # com.stepdefinitions.SearchSteps.click_login_enter_mobile(java.lang.String)
OTP Request Sent Successfully
  Then I should see the OTP verification step             # com.stepdefinitions.SearchSteps.verify_otp_step()
]]></system-out>
    <system-err><![CDATA[Dec 05, 2025 12:31:06 PM org.openqa.selenium.devtools.CdpVersionFinder findNearestMatch
WARNING: Unable to find CDP implementation matching 142
Dec 05, 2025 12:31:06 PM org.openqa.selenium.chromium.ChromiumDriver lambda$new$5
WARNING: Unable to find version of CDP to use for 142.0.7444.176. You may need to include a dependency on a specific version of the CDP using something similar to `org.seleniumhq.selenium:selenium-devtools-v86:4.16.1` where the version ("v86") matches the version of the chromium-based browser you're using and the version number of the artifact is the same as Selenium's.
]]></system-err>
  </testcase>
</testsuite>