<?xml version="1.0" encoding="UTF-8"?>
<!-- Generated by org.testng.reporters.JUnitReportReporter -->
<testsuite hostname="PRASAD1910" failures="0" tests="3" name="com.testrunner.TestRunner" time="100.100" errors="0" timestamp="2025-12-05T12:31:35 IST" skipped="0">
  <testcase classname="com.testrunner.TestRunner" name="runScenario" time="29.992"/>
  <testcase classname="com.testrunner.TestRunner" name="runScenario" time="39.125"/>
  <testcase classname="com.testrunner.TestRunner" name="runScenario" time="30.983"/>
</testsuite> <!-- com.testrunner.TestRunner -->
